{"total": {"lines":{"total":208,"covered":82,"skipped":0,"pct":39.42},"statements":{"total":208,"covered":82,"skipped":0,"pct":39.42},"functions":{"total":8,"covered":5,"skipped":0,"pct":62.5},"branches":{"total":33,"covered":22,"skipped":0,"pct":66.66},"branchesTrue":{"total":0,"covered":0,"skipped":0,"pct":"Unknown"}}
,"/Users/agentdev/tightarse/services/transform/src/backfill.ts": {"lines":{"total":66,"covered":0,"skipped":0,"pct":0},"functions":{"total":1,"covered":0,"skipped":0,"pct":0},"statements":{"total":66,"covered":0,"skipped":0,"pct":0},"branches":{"total":1,"covered":0,"skipped":0,"pct":0}}
,"/Users/agentdev/tightarse/services/transform/src/index.ts": {"lines":{"total":1,"covered":0,"skipped":0,"pct":0},"functions":{"total":1,"covered":0,"skipped":0,"pct":0},"statements":{"total":1,"covered":0,"skipped":0,"pct":0},"branches":{"total":1,"covered":0,"skipped":0,"pct":0}}
,"/Users/agentdev/tightarse/services/transform/src/map.ts": {"lines":{"total":83,"covered":82,"skipped":0,"pct":98.79},"functions":{"total":5,"covered":5,"skipped":0,"pct":100},"statements":{"total":83,"covered":82,"skipped":0,"pct":98.79},"branches":{"total":30,"covered":22,"skipped":0,"pct":73.33}}
,"/Users/agentdev/tightarse/services/transform/src/transform.ts": {"lines":{"total":58,"covered":0,"skipped":0,"pct":0},"functions":{"total":1,"covered":0,"skipped":0,"pct":0},"statements":{"total":58,"covered":0,"skipped":0,"pct":0},"branches":{"total":1,"covered":0,"skipped":0,"pct":0}}
}
