{"total": {"lines":{"total":402,"covered":72,"skipped":0,"pct":17.91},"statements":{"total":402,"covered":72,"skipped":0,"pct":17.91},"functions":{"total":26,"covered":4,"skipped":0,"pct":15.38},"branches":{"total":13,"covered":10,"skipped":0,"pct":76.92},"branchesTrue":{"total":0,"covered":0,"skipped":0,"pct":"Unknown"}}
,"/Users/agentdev/tightarse/services/ingest/src/connect.ts": {"lines":{"total":113,"covered":43,"skipped":0,"pct":38.05},"functions":{"total":5,"covered":2,"skipped":0,"pct":40},"statements":{"total":113,"covered":43,"skipped":0,"pct":38.05},"branches":{"total":4,"covered":4,"skipped":0,"pct":100}}
,"/Users/agentdev/tightarse/services/ingest/src/connections.ts": {"lines":{"total":72,"covered":15,"skipped":0,"pct":20.83},"functions":{"total":9,"covered":1,"skipped":0,"pct":11.11},"statements":{"total":72,"covered":15,"skipped":0,"pct":20.83},"branches":{"total":1,"covered":1,"skipped":0,"pct":100}}
,"/Users/agentdev/tightarse/services/ingest/src/index.ts": {"lines":{"total":3,"covered":0,"skipped":0,"pct":0},"functions":{"total":1,"covered":0,"skipped":0,"pct":0},"statements":{"total":3,"covered":0,"skipped":0,"pct":0},"branches":{"total":1,"covered":0,"skipped":0,"pct":0}}
,"/Users/agentdev/tightarse/services/ingest/src/steps-handler.ts": {"lines":{"total":15,"covered":0,"skipped":0,"pct":0},"functions":{"total":1,"covered":0,"skipped":0,"pct":0},"statements":{"total":15,"covered":0,"skipped":0,"pct":0},"branches":{"total":1,"covered":0,"skipped":0,"pct":0}}
,"/Users/agentdev/tightarse/services/ingest/src/steps.ts": {"lines":{"total":187,"covered":14,"skipped":0,"pct":7.48},"functions":{"total":9,"covered":1,"skipped":0,"pct":11.11},"statements":{"total":187,"covered":14,"skipped":0,"pct":7.48},"branches":{"total":5,"covered":5,"skipped":0,"pct":100}}
,"/Users/agentdev/tightarse/services/ingest/src/transform-handler.ts": {"lines":{"total":12,"covered":0,"skipped":0,"pct":0},"functions":{"total":1,"covered":0,"skipped":0,"pct":0},"statements":{"total":12,"covered":0,"skipped":0,"pct":0},"branches":{"total":1,"covered":0,"skipped":0,"pct":0}}
}
