{"total": {"lines":{"total":593,"covered":502,"skipped":0,"pct":84.65},"statements":{"total":593,"covered":502,"skipped":0,"pct":84.65},"functions":{"total":36,"covered":21,"skipped":0,"pct":58.33},"branches":{"total":149,"covered":126,"skipped":0,"pct":84.56},"branchesTrue":{"total":0,"covered":0,"skipped":0,"pct":"Unknown"}}
,"/Users/agentdev/tightarse/web/src/App.tsx": {"lines":{"total":183,"covered":181,"skipped":0,"pct":98.9},"functions":{"total":6,"covered":2,"skipped":0,"pct":33.33},"statements":{"total":183,"covered":181,"skipped":0,"pct":98.9},"branches":{"total":50,"covered":37,"skipped":0,"pct":74}}
,"/Users/agentdev/tightarse/web/src/Connect.tsx": {"lines":{"total":92,"covered":92,"skipped":0,"pct":100},"functions":{"total":4,"covered":4,"skipped":0,"pct":100},"statements":{"total":92,"covered":92,"skipped":0,"pct":100},"branches":{"total":27,"covered":24,"skipped":0,"pct":88.88}}
,"/Users/agentdev/tightarse/web/src/auth.ts": {"lines":{"total":148,"covered":85,"skipped":0,"pct":57.43},"functions":{"total":15,"covered":8,"skipped":0,"pct":53.33},"statements":{"total":148,"covered":85,"skipped":0,"pct":57.43},"branches":{"total":33,"covered":29,"skipped":0,"pct":87.87}}
,"/Users/agentdev/tightarse/web/src/charts.tsx": {"lines":{"total":148,"covered":122,"skipped":0,"pct":82.43},"functions":{"total":10,"covered":6,"skipped":0,"pct":60},"statements":{"total":148,"covered":122,"skipped":0,"pct":82.43},"branches":{"total":25,"covered":22,"skipped":0,"pct":88}}
,"/Users/agentdev/tightarse/web/src/config.ts": {"lines":{"total":22,"covered":22,"skipped":0,"pct":100},"functions":{"total":1,"covered":1,"skipped":0,"pct":100},"statements":{"total":22,"covered":22,"skipped":0,"pct":100},"branches":{"total":14,"covered":14,"skipped":0,"pct":100}}
}
