{"total": {"lines":{"total":29,"covered":28,"skipped":0,"pct":96.55},"statements":{"total":29,"covered":28,"skipped":0,"pct":96.55},"functions":{"total":2,"covered":1,"skipped":0,"pct":50},"branches":{"total":9,"covered":6,"skipped":0,"pct":66.66},"branchesTrue":{"total":0,"covered":0,"skipped":0,"pct":"Unknown"}}
,"/Users/agentdev/tightarse/services/auth/src/index.ts": {"lines":{"total":1,"covered":0,"skipped":0,"pct":0},"functions":{"total":1,"covered":0,"skipped":0,"pct":0},"statements":{"total":1,"covered":0,"skipped":0,"pct":0},"branches":{"total":1,"covered":0,"skipped":0,"pct":0}}
,"/Users/agentdev/tightarse/services/auth/src/pre-token.ts": {"lines":{"total":28,"covered":28,"skipped":0,"pct":100},"functions":{"total":1,"covered":1,"skipped":0,"pct":100},"statements":{"total":28,"covered":28,"skipped":0,"pct":100},"branches":{"total":8,"covered":6,"skipped":0,"pct":75}}
}
