{"total": {"lines":{"total":469,"covered":301,"skipped":0,"pct":64.17},"statements":{"total":469,"covered":301,"skipped":0,"pct":64.17},"functions":{"total":36,"covered":24,"skipped":0,"pct":66.66},"branches":{"total":65,"covered":52,"skipped":0,"pct":80},"branchesTrue":{"total":0,"covered":0,"skipped":0,"pct":"Unknown"}}
,"/Users/agentdev/tightarse/packages/ledger/src/access.ts": {"lines":{"total":65,"covered":0,"skipped":0,"pct":0},"functions":{"total":1,"covered":0,"skipped":0,"pct":0},"statements":{"total":65,"covered":0,"skipped":0,"pct":0},"branches":{"total":1,"covered":0,"skipped":0,"pct":0}}
,"/Users/agentdev/tightarse/packages/ledger/src/create-test-table.ts": {"lines":{"total":52,"covered":0,"skipped":0,"pct":0},"functions":{"total":1,"covered":0,"skipped":0,"pct":0},"statements":{"total":52,"covered":0,"skipped":0,"pct":0},"branches":{"total":1,"covered":0,"skipped":0,"pct":0}}
,"/Users/agentdev/tightarse/packages/ledger/src/index.ts": {"lines":{"total":1,"covered":0,"skipped":0,"pct":0},"functions":{"total":1,"covered":0,"skipped":0,"pct":0},"statements":{"total":1,"covered":0,"skipped":0,"pct":0},"branches":{"total":1,"covered":0,"skipped":0,"pct":0}}
,"/Users/agentdev/tightarse/packages/ledger/src/items.ts": {"lines":{"total":58,"covered":55,"skipped":0,"pct":94.82},"functions":{"total":5,"covered":4,"skipped":0,"pct":80},"statements":{"total":58,"covered":55,"skipped":0,"pct":94.82},"branches":{"total":13,"covered":13,"skipped":0,"pct":100}}
,"/Users/agentdev/tightarse/packages/ledger/src/ledger.ts": {"lines":{"total":293,"covered":246,"skipped":0,"pct":83.95},"functions":{"total":28,"covered":20,"skipped":0,"pct":71.42},"statements":{"total":293,"covered":246,"skipped":0,"pct":83.95},"branches":{"total":49,"covered":39,"skipped":0,"pct":79.59}}
}
