{"total": {"lines":{"total":711,"covered":636,"skipped":0,"pct":89.45},"statements":{"total":711,"covered":636,"skipped":0,"pct":89.45},"functions":{"total":14,"covered":11,"skipped":0,"pct":78.57},"branches":{"total":35,"covered":31,"skipped":0,"pct":88.57},"branchesTrue":{"total":0,"covered":0,"skipped":0,"pct":100}}
,"/Users/agentdev/tightarse/infra/bin/tightarse.ts": {"lines":{"total":50,"covered":0,"skipped":0,"pct":0},"functions":{"total":1,"covered":0,"skipped":0,"pct":0},"statements":{"total":50,"covered":0,"skipped":0,"pct":0},"branches":{"total":1,"covered":0,"skipped":0,"pct":0}}
,"/Users/agentdev/tightarse/infra/lib/api-stack.ts": {"lines":{"total":72,"covered":71,"skipped":0,"pct":98.61},"functions":{"total":2,"covered":2,"skipped":0,"pct":100},"statements":{"total":72,"covered":71,"skipped":0,"pct":98.61},"branches":{"total":9,"covered":8,"skipped":0,"pct":88.88}}
,"/Users/agentdev/tightarse/infra/lib/config.ts": {"lines":{"total":42,"covered":40,"skipped":0,"pct":95.23},"functions":{"total":2,"covered":2,"skipped":0,"pct":100},"statements":{"total":42,"covered":40,"skipped":0,"pct":95.23},"branches":{"total":5,"covered":4,"skipped":0,"pct":80}}
,"/Users/agentdev/tightarse/infra/lib/data-stack.ts": {"lines":{"total":149,"covered":149,"skipped":0,"pct":100},"functions":{"total":2,"covered":2,"skipped":0,"pct":100},"statements":{"total":149,"covered":149,"skipped":0,"pct":100},"branches":{"total":9,"covered":8,"skipped":0,"pct":88.88}}
,"/Users/agentdev/tightarse/infra/lib/foundation-stack.ts": {"lines":{"total":93,"covered":71,"skipped":0,"pct":76.34},"functions":{"total":4,"covered":2,"skipped":0,"pct":50},"statements":{"total":93,"covered":71,"skipped":0,"pct":76.34},"branches":{"total":2,"covered":2,"skipped":0,"pct":100}}
,"/Users/agentdev/tightarse/infra/lib/ingest-stack.ts": {"lines":{"total":229,"covered":229,"skipped":0,"pct":100},"functions":{"total":2,"covered":2,"skipped":0,"pct":100},"statements":{"total":229,"covered":229,"skipped":0,"pct":100},"branches":{"total":8,"covered":8,"skipped":0,"pct":100}}
,"/Users/agentdev/tightarse/infra/lib/web-stack.ts": {"lines":{"total":76,"covered":76,"skipped":0,"pct":100},"functions":{"total":1,"covered":1,"skipped":0,"pct":100},"statements":{"total":76,"covered":76,"skipped":0,"pct":100},"branches":{"total":1,"covered":1,"skipped":0,"pct":100}}
}
